2017-04-07 21:19:10,901 INFO  [restartedMain] C4SgApplication: Starting C4SgApplication on DESKTOP-26MT9J4 with PID 20084 (C:\Users\Uche\Documents\GitHub\c4sg-services\bin started by Uche in C:\Users\Uche\Documents\GitHub\c4sg-services)
2017-04-07 21:19:10,902 INFO  [restartedMain] C4SgApplication: The following profiles are active: dev
2017-04-07 21:19:10,913 INFO  [restartedMain] AnnotationConfigEmbeddedWebApplicationContext: Refreshing org.springframework.boot.context.embedded.AnnotationConfigEmbeddedWebApplicationContext@538ff7d2: startup date [Fri Apr 07 21:19:10 CDT 2017]; root of context hierarchy
2017-04-07 21:19:13,218 INFO  [restartedMain] PostProcessorRegistrationDelegate$BeanPostProcessorChecker: Bean 'org.springframework.transaction.annotation.ProxyTransactionManagementConfiguration' of type [org.springframework.transaction.annotation.ProxyTransactionManagementConfiguration$$EnhancerBySpringCGLIB$$774ebc69] is not eligible for getting processed by all BeanPostProcessors (for example: not eligible for auto-proxying)
2017-04-07 21:19:13,517 INFO  [restartedMain] TomcatEmbeddedServletContainer: Tomcat initialized with port(s): 8080 (http)
2017-04-07 21:19:13,533 INFO  [localhost-startStop-1] ContextLoader: Root WebApplicationContext: initialization completed in 2620 ms
2017-04-07 21:19:13,693 INFO  [localhost-startStop-1] ServletRegistrationBean: Mapping servlet: 'dispatcherServlet' to [/]
2017-04-07 21:19:13,693 INFO  [localhost-startStop-1] FilterRegistrationBean: Mapping filter: 'characterEncodingFilter' to: [/*]
2017-04-07 21:19:13,694 INFO  [localhost-startStop-1] FilterRegistrationBean: Mapping filter: 'hiddenHttpMethodFilter' to: [/*]
2017-04-07 21:19:13,694 INFO  [localhost-startStop-1] FilterRegistrationBean: Mapping filter: 'httpPutFormContentFilter' to: [/*]
2017-04-07 21:19:13,695 INFO  [localhost-startStop-1] FilterRegistrationBean: Mapping filter: 'requestContextFilter' to: [/*]
2017-04-07 21:19:13,695 INFO  [localhost-startStop-1] FilterRegistrationBean: Mapping filter: 'corsFilter' to: [/*]
2017-04-07 21:19:14,133 INFO  [restartedMain] LocalContainerEntityManagerFactoryBean: Building JPA container EntityManagerFactory for persistence unit 'default'
2017-04-07 21:19:14,558 INFO  [restartedMain] LocalContainerEntityManagerFactoryBean: Initialized JPA EntityManagerFactory for persistence unit 'default'
2017-04-07 21:19:15,526 INFO  [restartedMain] ApplicationLogger: Before: JacksonConfig$$EnhancerBySpringCGLIB$$4749f6f6.jtsModule
2017-04-07 21:19:15,533 INFO  [restartedMain] ApplicationLogger: After: JacksonConfig$$EnhancerBySpringCGLIB$$4749f6f6.jtsModule
2017-04-07 21:19:15,709 INFO  [restartedMain] RequestMappingHandlerMapping: Mapped "{[/api/organizations/{id}/logo],methods=[POST]}" onto public java.lang.String org.c4sg.controller.OrganizationController.uploadLogo(java.lang.Integer,org.springframework.web.multipart.MultipartFile)
2017-04-07 21:19:15,710 INFO  [restartedMain] RequestMappingHandlerMapping: Mapped "{[/api/organizations/{id}],methods=[GET],produces=[application/json]}" onto public org.c4sg.dto.OrganizationDTO org.c4sg.controller.OrganizationController.getOrganization(int)
2017-04-07 21:19:15,710 INFO  [restartedMain] RequestMappingHandlerMapping: Mapped "{[/api/organizations/search],methods=[GET],produces=[application/json]}" onto public java.util.List<org.c4sg.dto.OrganizationDTO> org.c4sg.controller.OrganizationController.getOrganizations(java.lang.String)
2017-04-07 21:19:15,710 INFO  [restartedMain] RequestMappingHandlerMapping: Mapped "{[/api/organizations],methods=[GET],produces=[application/json]}" onto public java.util.List<org.c4sg.dto.OrganizationDTO> org.c4sg.controller.OrganizationController.getOrganizations()
2017-04-07 21:19:15,711 INFO  [restartedMain] RequestMappingHandlerMapping: Mapped "{[/api/organizations/{id}],methods=[DELETE]}" onto public void org.c4sg.controller.OrganizationController.deleteOrganization(int)
2017-04-07 21:19:15,711 INFO  [restartedMain] RequestMappingHandlerMapping: Mapped "{[/api/organizations/{id}],methods=[PUT]}" onto public java.util.Map<java.lang.String, java.lang.Object> org.c4sg.controller.OrganizationController.updateOrganization(int,org.c4sg.dto.OrganizationDTO)
2017-04-07 21:19:15,711 INFO  [restartedMain] RequestMappingHandlerMapping: Mapped "{[/api/organizations/{id}/logo],methods=[GET]}" onto public java.lang.String org.c4sg.controller.OrganizationController.retrieveOrganizationLogo(int)
2017-04-07 21:19:15,711 INFO  [restartedMain] RequestMappingHandlerMapping: Mapped "{[/api/organizations/user/{id}],methods=[GET]}" onto public java.util.List<org.c4sg.dto.OrganizationDTO> org.c4sg.controller.OrganizationController.getOrganizationsByUser(java.lang.Integer)
2017-04-07 21:19:15,712 INFO  [restartedMain] RequestMappingHandlerMapping: Mapped "{[/api/organizations],methods=[POST]}" onto public java.util.Map<java.lang.String, java.lang.Object> org.c4sg.controller.OrganizationController.createOrganization(org.c4sg.dto.CreateOrganizationDTO)
2017-04-07 21:19:15,714 INFO  [restartedMain] RequestMappingHandlerMapping: Mapped "{[/api/projects/{id}],methods=[PUT]}" onto public java.util.Map<java.lang.String, java.lang.Object> org.c4sg.controller.ProjectController.updateProject(org.c4sg.entity.Project)
2017-04-07 21:19:15,714 INFO  [restartedMain] RequestMappingHandlerMapping: Mapped "{[/api/projects/{id}],methods=[GET]}" onto public org.c4sg.entity.Project org.c4sg.controller.ProjectController.getProject(int)
2017-04-07 21:19:15,714 INFO  [restartedMain] RequestMappingHandlerMapping: Mapped "{[/api/projects/{id}],methods=[DELETE]}" onto public void org.c4sg.controller.ProjectController.deleteProject(int)
2017-04-07 21:19:15,714 INFO  [restartedMain] RequestMappingHandlerMapping: Mapped "{[/api/projects/user],methods=[GET]}" onto public java.util.List<org.c4sg.dto.ProjectDTO> org.c4sg.controller.ProjectController.getUserProjects(java.lang.Integer,java.lang.String)
2017-04-07 21:19:15,715 INFO  [restartedMain] RequestMappingHandlerMapping: Mapped "{[/api/projects],methods=[POST]}" onto public java.util.Map<java.lang.String, java.lang.Object> org.c4sg.controller.ProjectController.createProject(org.c4sg.dto.CreateProjectDTO)
2017-04-07 21:19:15,715 INFO  [restartedMain] RequestMappingHandlerMapping: Mapped "{[/api/projects],methods=[GET],produces=[application/json]}" onto public java.util.List<org.c4sg.dto.ProjectDTO> org.c4sg.controller.ProjectController.getProjects()
2017-04-07 21:19:15,715 INFO  [restartedMain] RequestMappingHandlerMapping: Mapped "{[/api/projects/search],methods=[GET]}" onto public java.util.List<org.c4sg.dto.ProjectDTO> org.c4sg.controller.ProjectController.getProjects(java.lang.String,java.lang.String)
2017-04-07 21:19:15,715 INFO  [restartedMain] RequestMappingHandlerMapping: Mapped "{[/api/projects/{id}/image],methods=[GET]}" onto public java.lang.String org.c4sg.controller.ProjectController.retrieveImage(int)
2017-04-07 21:19:15,715 INFO  [restartedMain] RequestMappingHandlerMapping: Mapped "{[/api/projects/{id}/image],methods=[POST]}" onto public java.lang.String org.c4sg.controller.ProjectController.uploadImage(java.lang.Integer,org.springframework.web.multipart.MultipartFile)
2017-04-07 21:19:15,715 INFO  [restartedMain] RequestMappingHandlerMapping: Mapped "{[/api/projects/organizations/{id}],methods=[GET]}" onto public java.util.List<org.c4sg.entity.Project> org.c4sg.controller.ProjectController.getProjectsByOrganization(int)
2017-04-07 21:19:15,716 INFO  [restartedMain] RequestMappingHandlerMapping: Mapped "{[/api/projects/{id}/users/{userId}],methods=[POST]}" onto public org.springframework.http.ResponseEntity<?> org.c4sg.controller.ProjectController.createUserProject(java.lang.Integer,java.lang.Integer)
2017-04-07 21:19:15,716 INFO  [restartedMain] RequestMappingHandlerMapping: Mapped "{[/api/projects/bookmark/projects/{projectId}/users/{userId}],methods=[POST]}" onto public org.springframework.http.ResponseEntity<?> org.c4sg.controller.ProjectController.createUserProjectBookmark(java.lang.Integer,java.lang.Integer)
2017-04-07 21:19:15,716 INFO  [restartedMain] RequestMappingHandlerMapping: Mapped "{[/api/skills],methods=[GET],produces=[application/json]}" onto public java.util.List<org.c4sg.dto.SkillDTO> org.c4sg.controller.SkillController.getSkills()
2017-04-07 21:19:15,717 INFO  [restartedMain] RequestMappingHandlerMapping: Mapped "{[/api/chat/isJoinedChat],methods=[GET]}" onto public java.lang.String org.c4sg.controller.SlackController.getUser(java.lang.String)
2017-04-07 21:19:15,720 INFO  [restartedMain] RequestMappingHandlerMapping: Mapped "{[/api/users/search],methods=[GET]}" onto public java.util.List<org.c4sg.dto.UserDTO> org.c4sg.controller.UserController.search(java.lang.String,java.lang.String,java.lang.String)
2017-04-07 21:19:15,720 INFO  [restartedMain] RequestMappingHandlerMapping: Mapped "{[/api/users/{id}/resume],methods=[POST]}" onto public java.lang.String org.c4sg.controller.UserController.uploadResume(java.lang.Integer,org.springframework.web.multipart.MultipartFile)
2017-04-07 21:19:15,720 INFO  [restartedMain] RequestMappingHandlerMapping: Mapped "{[/api/users/developers],methods=[GET]}" onto public java.util.List<org.c4sg.dto.UserDTO> org.c4sg.controller.UserController.getDevelopers()
2017-04-07 21:19:15,721 INFO  [restartedMain] RequestMappingHandlerMapping: Mapped "{[/api/users/{id}],methods=[DELETE]}" onto public void org.c4sg.controller.UserController.deleteUser(int)
2017-04-07 21:19:15,721 INFO  [restartedMain] RequestMappingHandlerMapping: Mapped "{[/api/users/{id}/avatar],methods=[GET]}" onto public java.lang.String org.c4sg.controller.UserController.retrieveAvatar(int)
2017-04-07 21:19:15,721 INFO  [restartedMain] RequestMappingHandlerMapping: Mapped "{[/api/users],methods=[POST]}" onto public org.c4sg.dto.UserDTO org.c4sg.controller.UserController.createUser(org.c4sg.dto.UserDTO)
2017-04-07 21:19:15,721 INFO  [restartedMain] RequestMappingHandlerMapping: Mapped "{[/api/users/{id}/avatar],methods=[POST]}" onto public java.lang.String org.c4sg.controller.UserController.uploadAvatar(java.lang.Integer,org.springframework.web.multipart.MultipartFile)
2017-04-07 21:19:15,721 INFO  [restartedMain] RequestMappingHandlerMapping: Mapped "{[/api/users],methods=[GET]}" onto public java.util.List<org.c4sg.dto.UserDTO> org.c4sg.controller.UserController.getUsers()
2017-04-07 21:19:15,721 INFO  [restartedMain] RequestMappingHandlerMapping: Mapped "{[/api/users],methods=[PUT]}" onto public org.c4sg.dto.UserDTO org.c4sg.controller.UserController.updateUser(org.c4sg.dto.UserDTO)
2017-04-07 21:19:15,721 INFO  [restartedMain] RequestMappingHandlerMapping: Mapped "{[/api/users/{id}],methods=[GET]}" onto public org.c4sg.dto.UserDTO org.c4sg.controller.UserController.getUser(int)
2017-04-07 21:19:15,722 INFO  [restartedMain] RequestMappingHandlerMapping: Mapped "{[/api/users/applicant/{id}],methods=[GET]}" onto public org.springframework.http.ResponseEntity<java.util.List<org.c4sg.dto.UserDTO>> org.c4sg.controller.UserController.getApplicants(java.lang.Integer)
2017-04-07 21:19:15,722 INFO  [restartedMain] RequestMappingHandlerMapping: Mapped "{[/api/users/active],methods=[GET]}" onto public org.springframework.data.domain.Page<org.c4sg.dto.UserDTO> org.c4sg.controller.UserController.getActiveUsers(org.springframework.data.domain.Pageable)
2017-04-07 21:19:15,722 INFO  [restartedMain] RequestMappingHandlerMapping: Mapped "{[/api/users/email/{email}/],methods=[GET]}" onto public org.c4sg.dto.UserDTO org.c4sg.controller.UserController.getUserByEmail(java.lang.String)
2017-04-07 21:19:15,722 INFO  [restartedMain] RequestMappingHandlerMapping: Mapped "{[/api/users/{id}/resume],methods=[GET]}" onto public org.springframework.http.HttpEntity<byte[]> org.c4sg.controller.UserController.retrieveProjectImage(int)
2017-04-07 21:19:15,723 INFO  [restartedMain] RequestMappingHandlerMapping: Mapped "{[/v2/api-docs],methods=[GET],produces=[application/json || application/hal+json]}" onto public org.springframework.http.ResponseEntity<springfox.documentation.spring.web.json.Json> springfox.documentation.swagger2.web.Swagger2Controller.getDocumentation(java.lang.String,javax.servlet.http.HttpServletRequest)
2017-04-07 21:19:15,725 INFO  [restartedMain] RequestMappingHandlerMapping: Mapped "{[/configuration/security]}" onto org.springframework.http.ResponseEntity<springfox.documentation.swagger.web.SecurityConfiguration> springfox.documentation.swagger.web.ApiResourceController.securityConfiguration()
2017-04-07 21:19:15,725 INFO  [restartedMain] RequestMappingHandlerMapping: Mapped "{[/configuration/ui]}" onto org.springframework.http.ResponseEntity<springfox.documentation.swagger.web.UiConfiguration> springfox.documentation.swagger.web.ApiResourceController.uiConfiguration()
2017-04-07 21:19:15,726 INFO  [restartedMain] RequestMappingHandlerMapping: Mapped "{[/swagger-resources]}" onto org.springframework.http.ResponseEntity<java.util.List<springfox.documentation.swagger.web.SwaggerResource>> springfox.documentation.swagger.web.ApiResourceController.swaggerResources()
2017-04-07 21:19:15,729 INFO  [restartedMain] RequestMappingHandlerMapping: Mapped "{[/error]}" onto public org.springframework.http.ResponseEntity<java.util.Map<java.lang.String, java.lang.Object>> org.springframework.boot.autoconfigure.web.BasicErrorController.error(javax.servlet.http.HttpServletRequest)
2017-04-07 21:19:15,730 INFO  [restartedMain] RequestMappingHandlerMapping: Mapped "{[/error],produces=[text/html]}" onto public org.springframework.web.servlet.ModelAndView org.springframework.boot.autoconfigure.web.BasicErrorController.errorHtml(javax.servlet.http.HttpServletRequest,javax.servlet.http.HttpServletResponse)
2017-04-07 21:19:15,851 INFO  [restartedMain] ApplicationLogger: Before: SwaggerConfig$$EnhancerBySpringCGLIB$$5d7f59cd.api
2017-04-07 21:19:15,859 INFO  [restartedMain] ApplicationLogger: After: SwaggerConfig$$EnhancerBySpringCGLIB$$5d7f59cd.api
2017-04-07 21:19:15,911 INFO  [restartedMain] RequestMappingHandlerAdapter: Looking for @ControllerAdvice: org.springframework.boot.context.embedded.AnnotationConfigEmbeddedWebApplicationContext@538ff7d2: startup date [Fri Apr 07 21:19:10 CDT 2017]; root of context hierarchy
2017-04-07 21:19:15,981 INFO  [restartedMain] SimpleUrlHandlerMapping: Mapped URL path [/webjars/**] onto handler of type [class org.springframework.web.servlet.resource.ResourceHttpRequestHandler]
2017-04-07 21:19:15,981 INFO  [restartedMain] SimpleUrlHandlerMapping: Mapped URL path [/**] onto handler of type [class org.springframework.web.servlet.resource.ResourceHttpRequestHandler]
2017-04-07 21:19:16,015 INFO  [restartedMain] ExceptionHandlerExceptionResolver: Detected @ExceptionHandler methods in genericController
2017-04-07 21:19:16,036 INFO  [restartedMain] SimpleUrlHandlerMapping: Mapped URL path [/**/favicon.ico] onto handler of type [class org.springframework.web.servlet.resource.ResourceHttpRequestHandler]
2017-04-07 21:19:16,425 INFO  [restartedMain] OptionalLiveReloadServer: LiveReload server is running on port 35729
2017-04-07 21:19:16,554 INFO  [restartedMain] AnnotationMBeanExporter: Registering beans for JMX exposure on startup
2017-04-07 21:19:16,868 INFO  [restartedMain] TomcatEmbeddedServletContainer: Tomcat started on port(s): 8080 (http)
2017-04-07 21:19:16,872 INFO  [restartedMain] C4SgApplication: Started C4SgApplication in 6.185 seconds (JVM running for 292.275)
2017-04-07 21:19:34,892 INFO  [restartedMain] C4SgApplication: Starting C4SgApplication on DESKTOP-26MT9J4 with PID 11852 (C:\Users\Uche\Documents\GitHub\c4sg-services\bin started by Uche in C:\Users\Uche\Documents\GitHub\c4sg-services)
2017-04-07 21:19:34,896 INFO  [restartedMain] C4SgApplication: The following profiles are active: dev
2017-04-07 21:19:35,142 INFO  [restartedMain] AnnotationConfigEmbeddedWebApplicationContext: Refreshing org.springframework.boot.context.embedded.AnnotationConfigEmbeddedWebApplicationContext@1a2690e7: startup date [Fri Apr 07 21:19:35 CDT 2017]; root of context hierarchy
2017-04-07 21:19:39,679 INFO  [restartedMain] PostProcessorRegistrationDelegate$BeanPostProcessorChecker: Bean 'org.springframework.transaction.annotation.ProxyTransactionManagementConfiguration' of type [org.springframework.transaction.annotation.ProxyTransactionManagementConfiguration$$EnhancerBySpringCGLIB$$cfca8c33] is not eligible for getting processed by all BeanPostProcessors (for example: not eligible for auto-proxying)
2017-04-07 21:19:42,005 INFO  [restartedMain] TomcatEmbeddedServletContainer: Tomcat initialized with port(s): 8080 (http)
2017-04-07 21:19:42,375 INFO  [localhost-startStop-1] ContextLoader: Root WebApplicationContext: initialization completed in 7233 ms
2017-04-07 21:19:42,983 INFO  [localhost-startStop-1] ServletRegistrationBean: Mapping servlet: 'dispatcherServlet' to [/]
2017-04-07 21:19:42,990 INFO  [localhost-startStop-1] FilterRegistrationBean: Mapping filter: 'characterEncodingFilter' to: [/*]
2017-04-07 21:19:42,991 INFO  [localhost-startStop-1] FilterRegistrationBean: Mapping filter: 'hiddenHttpMethodFilter' to: [/*]
2017-04-07 21:19:42,992 INFO  [localhost-startStop-1] FilterRegistrationBean: Mapping filter: 'httpPutFormContentFilter' to: [/*]
2017-04-07 21:19:42,992 INFO  [localhost-startStop-1] FilterRegistrationBean: Mapping filter: 'requestContextFilter' to: [/*]
2017-04-07 21:19:42,992 INFO  [localhost-startStop-1] FilterRegistrationBean: Mapping filter: 'corsFilter' to: [/*]
2017-04-07 21:19:44,766 INFO  [restartedMain] LocalContainerEntityManagerFactoryBean: Building JPA container EntityManagerFactory for persistence unit 'default'
2017-04-07 21:19:46,739 INFO  [restartedMain] LocalContainerEntityManagerFactoryBean: Initialized JPA EntityManagerFactory for persistence unit 'default'
2017-04-07 21:19:49,356 INFO  [restartedMain] ApplicationLogger: Before: JacksonConfig$$EnhancerBySpringCGLIB$$9fc5c6c0.jtsModule
2017-04-07 21:19:49,376 INFO  [restartedMain] ApplicationLogger: After: JacksonConfig$$EnhancerBySpringCGLIB$$9fc5c6c0.jtsModule
2017-04-07 21:19:49,714 INFO  [restartedMain] RequestMappingHandlerMapping: Mapped "{[/api/organizations/{id}],methods=[PUT]}" onto public java.util.Map<java.lang.String, java.lang.Object> org.c4sg.controller.OrganizationController.updateOrganization(int,org.c4sg.dto.OrganizationDTO)
2017-04-07 21:19:49,718 INFO  [restartedMain] RequestMappingHandlerMapping: Mapped "{[/api/organizations/{id}],methods=[DELETE]}" onto public void org.c4sg.controller.OrganizationController.deleteOrganization(int)
2017-04-07 21:19:49,719 INFO  [restartedMain] RequestMappingHandlerMapping: Mapped "{[/api/organizations/{id}/logo],methods=[GET]}" onto public java.lang.String org.c4sg.controller.OrganizationController.retrieveOrganizationLogo(int)
2017-04-07 21:19:49,719 INFO  [restartedMain] RequestMappingHandlerMapping: Mapped "{[/api/organizations/user/{id}],methods=[GET]}" onto public java.util.List<org.c4sg.dto.OrganizationDTO> org.c4sg.controller.OrganizationController.getOrganizationsByUser(java.lang.Integer)
2017-04-07 21:19:49,719 INFO  [restartedMain] RequestMappingHandlerMapping: Mapped "{[/api/organizations],methods=[POST]}" onto public java.util.Map<java.lang.String, java.lang.Object> org.c4sg.controller.OrganizationController.createOrganization(org.c4sg.dto.CreateOrganizationDTO)
2017-04-07 21:19:49,720 INFO  [restartedMain] RequestMappingHandlerMapping: Mapped "{[/api/organizations/{id}/logo],methods=[POST]}" onto public java.lang.String org.c4sg.controller.OrganizationController.uploadLogo(java.lang.Integer,org.springframework.web.multipart.MultipartFile)
2017-04-07 21:19:49,720 INFO  [restartedMain] RequestMappingHandlerMapping: Mapped "{[/api/organizations/{id}],methods=[GET],produces=[application/json]}" onto public org.c4sg.dto.OrganizationDTO org.c4sg.controller.OrganizationController.getOrganization(int)
2017-04-07 21:19:49,720 INFO  [restartedMain] RequestMappingHandlerMapping: Mapped "{[/api/organizations/search],methods=[GET],produces=[application/json]}" onto public java.util.List<org.c4sg.dto.OrganizationDTO> org.c4sg.controller.OrganizationController.getOrganizations(java.lang.String)
2017-04-07 21:19:49,720 INFO  [restartedMain] RequestMappingHandlerMapping: Mapped "{[/api/organizations],methods=[GET],produces=[application/json]}" onto public java.util.List<org.c4sg.dto.OrganizationDTO> org.c4sg.controller.OrganizationController.getOrganizations()
2017-04-07 21:19:49,726 INFO  [restartedMain] RequestMappingHandlerMapping: Mapped "{[/api/projects/{id}/image],methods=[GET]}" onto public java.lang.String org.c4sg.controller.ProjectController.retrieveImage(int)
2017-04-07 21:19:49,726 INFO  [restartedMain] RequestMappingHandlerMapping: Mapped "{[/api/projects/{id}/image],methods=[POST]}" onto public java.lang.String org.c4sg.controller.ProjectController.uploadImage(java.lang.Integer,org.springframework.web.multipart.MultipartFile)
2017-04-07 21:19:49,726 INFO  [restartedMain] RequestMappingHandlerMapping: Mapped "{[/api/projects/organizations/{id}],methods=[GET]}" onto public java.util.List<org.c4sg.entity.Project> org.c4sg.controller.ProjectController.getProjectsByOrganization(int)
2017-04-07 21:19:49,727 INFO  [restartedMain] RequestMappingHandlerMapping: Mapped "{[/api/projects/bookmark/projects/{projectId}/users/{userId}],methods=[POST]}" onto public org.springframework.http.ResponseEntity<?> org.c4sg.controller.ProjectController.createUserProjectBookmark(java.lang.Integer,java.lang.Integer)
2017-04-07 21:19:49,727 INFO  [restartedMain] RequestMappingHandlerMapping: Mapped "{[/api/projects/{id}/users/{userId}],methods=[POST]}" onto public org.springframework.http.ResponseEntity<?> org.c4sg.controller.ProjectController.createUserProject(java.lang.Integer,java.lang.Integer)
2017-04-07 21:19:49,728 INFO  [restartedMain] RequestMappingHandlerMapping: Mapped "{[/api/projects/{id}],methods=[PUT]}" onto public java.util.Map<java.lang.String, java.lang.Object> org.c4sg.controller.ProjectController.updateProject(org.c4sg.entity.Project)
2017-04-07 21:19:49,728 INFO  [restartedMain] RequestMappingHandlerMapping: Mapped "{[/api/projects],methods=[GET],produces=[application/json]}" onto public java.util.List<org.c4sg.dto.ProjectDTO> org.c4sg.controller.ProjectController.getProjects()
2017-04-07 21:19:49,729 INFO  [restartedMain] RequestMappingHandlerMapping: Mapped "{[/api/projects/search],methods=[GET]}" onto public java.util.List<org.c4sg.dto.ProjectDTO> org.c4sg.controller.ProjectController.getProjects(java.lang.String,java.lang.String)
2017-04-07 21:19:49,730 INFO  [restartedMain] RequestMappingHandlerMapping: Mapped "{[/api/projects/{id}],methods=[GET]}" onto public org.c4sg.entity.Project org.c4sg.controller.ProjectController.getProject(int)
2017-04-07 21:19:49,731 INFO  [restartedMain] RequestMappingHandlerMapping: Mapped "{[/api/projects/user],methods=[GET]}" onto public java.util.List<org.c4sg.dto.ProjectDTO> org.c4sg.controller.ProjectController.getUserProjects(java.lang.Integer,java.lang.String)
2017-04-07 21:19:49,732 INFO  [restartedMain] RequestMappingHandlerMapping: Mapped "{[/api/projects],methods=[POST]}" onto public java.util.Map<java.lang.String, java.lang.Object> org.c4sg.controller.ProjectController.createProject(org.c4sg.dto.CreateProjectDTO)
2017-04-07 21:19:49,732 INFO  [restartedMain] RequestMappingHandlerMapping: Mapped "{[/api/projects/{id}],methods=[DELETE]}" onto public void org.c4sg.controller.ProjectController.deleteProject(int)
2017-04-07 21:19:49,732 INFO  [restartedMain] RequestMappingHandlerMapping: Mapped "{[/api/skills],methods=[GET],produces=[application/json]}" onto public java.util.List<org.c4sg.dto.SkillDTO> org.c4sg.controller.SkillController.getSkills()
2017-04-07 21:19:49,733 INFO  [restartedMain] RequestMappingHandlerMapping: Mapped "{[/api/chat/isJoinedChat],methods=[GET]}" onto public java.lang.String org.c4sg.controller.SlackController.getUser(java.lang.String)
2017-04-07 21:19:49,736 INFO  [restartedMain] RequestMappingHandlerMapping: Mapped "{[/api/users/search],methods=[GET]}" onto public java.util.List<org.c4sg.dto.UserDTO> org.c4sg.controller.UserController.search(java.lang.String,java.lang.String,java.lang.String)
2017-04-07 21:19:49,737 INFO  [restartedMain] RequestMappingHandlerMapping: Mapped "{[/api/users/active],methods=[GET]}" onto public org.springframework.data.domain.Page<org.c4sg.dto.UserDTO> org.c4sg.controller.UserController.getActiveUsers(org.springframework.data.domain.Pageable)
2017-04-07 21:19:49,737 INFO  [restartedMain] RequestMappingHandlerMapping: Mapped "{[/api/users/{id}],methods=[GET]}" onto public org.c4sg.dto.UserDTO org.c4sg.controller.UserController.getUser(int)
2017-04-07 21:19:49,737 INFO  [restartedMain] RequestMappingHandlerMapping: Mapped "{[/api/users/email/{email}/],methods=[GET]}" onto public org.c4sg.dto.UserDTO org.c4sg.controller.UserController.getUserByEmail(java.lang.String)
2017-04-07 21:19:49,737 INFO  [restartedMain] RequestMappingHandlerMapping: Mapped "{[/api/users/{id}/avatar],methods=[POST]}" onto public java.lang.String org.c4sg.controller.UserController.uploadAvatar(java.lang.Integer,org.springframework.web.multipart.MultipartFile)
2017-04-07 21:19:49,737 INFO  [restartedMain] RequestMappingHandlerMapping: Mapped "{[/api/users/{id}/avatar],methods=[GET]}" onto public java.lang.String org.c4sg.controller.UserController.retrieveAvatar(int)
2017-04-07 21:19:49,738 INFO  [restartedMain] RequestMappingHandlerMapping: Mapped "{[/api/users/{id}/resume],methods=[POST]}" onto public java.lang.String org.c4sg.controller.UserController.uploadResume(java.lang.Integer,org.springframework.web.multipart.MultipartFile)
2017-04-07 21:19:49,738 INFO  [restartedMain] RequestMappingHandlerMapping: Mapped "{[/api/users/applicant/{id}],methods=[GET]}" onto public org.springframework.http.ResponseEntity<java.util.List<org.c4sg.dto.UserDTO>> org.c4sg.controller.UserController.getApplicants(java.lang.Integer)
2017-04-07 21:19:49,738 INFO  [restartedMain] RequestMappingHandlerMapping: Mapped "{[/api/users/developers],methods=[GET]}" onto public java.util.List<org.c4sg.dto.UserDTO> org.c4sg.controller.UserController.getDevelopers()
2017-04-07 21:19:49,739 INFO  [restartedMain] RequestMappingHandlerMapping: Mapped "{[/api/users],methods=[GET]}" onto public java.util.List<org.c4sg.dto.UserDTO> org.c4sg.controller.UserController.getUsers()
2017-04-07 21:19:49,739 INFO  [restartedMain] RequestMappingHandlerMapping: Mapped "{[/api/users],methods=[POST]}" onto public org.c4sg.dto.UserDTO org.c4sg.controller.UserController.createUser(org.c4sg.dto.UserDTO)
2017-04-07 21:19:49,739 INFO  [restartedMain] RequestMappingHandlerMapping: Mapped "{[/api/users],methods=[PUT]}" onto public org.c4sg.dto.UserDTO org.c4sg.controller.UserController.updateUser(org.c4sg.dto.UserDTO)
2017-04-07 21:19:49,739 INFO  [restartedMain] RequestMappingHandlerMapping: Mapped "{[/api/users/{id}],methods=[DELETE]}" onto public void org.c4sg.controller.UserController.deleteUser(int)
2017-04-07 21:19:49,739 INFO  [restartedMain] RequestMappingHandlerMapping: Mapped "{[/api/users/{id}/resume],methods=[GET]}" onto public org.springframework.http.HttpEntity<byte[]> org.c4sg.controller.UserController.retrieveProjectImage(int)
2017-04-07 21:19:49,740 INFO  [restartedMain] RequestMappingHandlerMapping: Mapped "{[/v2/api-docs],methods=[GET],produces=[application/json || application/hal+json]}" onto public org.springframework.http.ResponseEntity<springfox.documentation.spring.web.json.Json> springfox.documentation.swagger2.web.Swagger2Controller.getDocumentation(java.lang.String,javax.servlet.http.HttpServletRequest)
2017-04-07 21:19:49,743 INFO  [restartedMain] RequestMappingHandlerMapping: Mapped "{[/configuration/security]}" onto org.springframework.http.ResponseEntity<springfox.documentation.swagger.web.SecurityConfiguration> springfox.documentation.swagger.web.ApiResourceController.securityConfiguration()
2017-04-07 21:19:49,744 INFO  [restartedMain] RequestMappingHandlerMapping: Mapped "{[/swagger-resources]}" onto org.springframework.http.ResponseEntity<java.util.List<springfox.documentation.swagger.web.SwaggerResource>> springfox.documentation.swagger.web.ApiResourceController.swaggerResources()
2017-04-07 21:19:49,744 INFO  [restartedMain] RequestMappingHandlerMapping: Mapped "{[/configuration/ui]}" onto org.springframework.http.ResponseEntity<springfox.documentation.swagger.web.UiConfiguration> springfox.documentation.swagger.web.ApiResourceController.uiConfiguration()
2017-04-07 21:19:49,748 INFO  [restartedMain] RequestMappingHandlerMapping: Mapped "{[/error]}" onto public org.springframework.http.ResponseEntity<java.util.Map<java.lang.String, java.lang.Object>> org.springframework.boot.autoconfigure.web.BasicErrorController.error(javax.servlet.http.HttpServletRequest)
2017-04-07 21:19:49,749 INFO  [restartedMain] RequestMappingHandlerMapping: Mapped "{[/error],produces=[text/html]}" onto public org.springframework.web.servlet.ModelAndView org.springframework.boot.autoconfigure.web.BasicErrorController.errorHtml(javax.servlet.http.HttpServletRequest,javax.servlet.http.HttpServletResponse)
2017-04-07 21:19:49,919 INFO  [restartedMain] ApplicationLogger: Before: SwaggerConfig$$EnhancerBySpringCGLIB$$b5fb2997.api
2017-04-07 21:19:49,939 INFO  [restartedMain] ApplicationLogger: After: SwaggerConfig$$EnhancerBySpringCGLIB$$b5fb2997.api
2017-04-07 21:19:50,223 INFO  [restartedMain] RequestMappingHandlerAdapter: Looking for @ControllerAdvice: org.springframework.boot.context.embedded.AnnotationConfigEmbeddedWebApplicationContext@1a2690e7: startup date [Fri Apr 07 21:19:35 CDT 2017]; root of context hierarchy
2017-04-07 21:19:50,394 INFO  [restartedMain] SimpleUrlHandlerMapping: Mapped URL path [/webjars/**] onto handler of type [class org.springframework.web.servlet.resource.ResourceHttpRequestHandler]
2017-04-07 21:19:50,394 INFO  [restartedMain] SimpleUrlHandlerMapping: Mapped URL path [/**] onto handler of type [class org.springframework.web.servlet.resource.ResourceHttpRequestHandler]
2017-04-07 21:19:50,422 INFO  [restartedMain] ExceptionHandlerExceptionResolver: Detected @ExceptionHandler methods in genericController
2017-04-07 21:19:50,453 INFO  [restartedMain] SimpleUrlHandlerMapping: Mapped URL path [/**/favicon.ico] onto handler of type [class org.springframework.web.servlet.resource.ResourceHttpRequestHandler]
2017-04-07 21:19:51,033 INFO  [restartedMain] OptionalLiveReloadServer: LiveReload server is running on port 35729
2017-04-07 21:19:51,137 INFO  [restartedMain] AnnotationMBeanExporter: Registering beans for JMX exposure on startup
2017-04-07 21:19:51,958 INFO  [restartedMain] TomcatEmbeddedServletContainer: Tomcat started on port(s): 8080 (http)
2017-04-07 21:19:51,965 INFO  [restartedMain] C4SgApplication: Started C4SgApplication in 18.093 seconds (JVM running for 20.859)
2017-04-07 21:20:41,181 INFO  [restartedMain] C4SgApplication: Starting C4SgApplication on DESKTOP-26MT9J4 with PID 18996 (C:\Users\Uche\Documents\GitHub\c4sg-services\bin started by Uche in C:\Users\Uche\Documents\GitHub\c4sg-services)
2017-04-07 21:20:41,186 INFO  [restartedMain] C4SgApplication: The following profiles are active: dev
2017-04-07 21:20:41,465 INFO  [restartedMain] AnnotationConfigEmbeddedWebApplicationContext: Refreshing org.springframework.boot.context.embedded.AnnotationConfigEmbeddedWebApplicationContext@5687901c: startup date [Fri Apr 07 21:20:41 CDT 2017]; root of context hierarchy
2017-04-07 21:20:45,954 INFO  [restartedMain] PostProcessorRegistrationDelegate$BeanPostProcessorChecker: Bean 'org.springframework.transaction.annotation.ProxyTransactionManagementConfiguration' of type [org.springframework.transaction.annotation.ProxyTransactionManagementConfiguration$$EnhancerBySpringCGLIB$$6d639bf] is not eligible for getting processed by all BeanPostProcessors (for example: not eligible for auto-proxying)
2017-04-07 21:20:47,139 INFO  [restartedMain] TomcatEmbeddedServletContainer: Tomcat initialized with port(s): 8080 (http)
2017-04-07 21:20:47,323 INFO  [localhost-startStop-1] ContextLoader: Root WebApplicationContext: initialization completed in 5858 ms
2017-04-07 21:20:47,697 INFO  [localhost-startStop-1] ServletRegistrationBean: Mapping servlet: 'dispatcherServlet' to [/]
2017-04-07 21:20:47,702 INFO  [localhost-startStop-1] FilterRegistrationBean: Mapping filter: 'characterEncodingFilter' to: [/*]
2017-04-07 21:20:47,702 INFO  [localhost-startStop-1] FilterRegistrationBean: Mapping filter: 'hiddenHttpMethodFilter' to: [/*]
2017-04-07 21:20:47,702 INFO  [localhost-startStop-1] FilterRegistrationBean: Mapping filter: 'httpPutFormContentFilter' to: [/*]
2017-04-07 21:20:47,702 INFO  [localhost-startStop-1] FilterRegistrationBean: Mapping filter: 'requestContextFilter' to: [/*]
2017-04-07 21:20:47,702 INFO  [localhost-startStop-1] FilterRegistrationBean: Mapping filter: 'corsFilter' to: [/*]
2017-04-07 21:20:49,135 INFO  [restartedMain] LocalContainerEntityManagerFactoryBean: Building JPA container EntityManagerFactory for persistence unit 'default'
2017-04-07 21:20:50,449 INFO  [restartedMain] LocalContainerEntityManagerFactoryBean: Initialized JPA EntityManagerFactory for persistence unit 'default'
2017-04-07 21:20:52,260 INFO  [restartedMain] ApplicationLogger: Before: JacksonConfig$$EnhancerBySpringCGLIB$$d6d1744c.jtsModule
2017-04-07 21:20:52,278 INFO  [restartedMain] ApplicationLogger: After: JacksonConfig$$EnhancerBySpringCGLIB$$d6d1744c.jtsModule
2017-04-07 21:20:52,625 INFO  [restartedMain] RequestMappingHandlerMapping: Mapped "{[/api/organizations/user/{id}],methods=[GET]}" onto public java.util.List<org.c4sg.dto.OrganizationDTO> org.c4sg.controller.OrganizationController.getOrganizationsByUser(java.lang.Integer)
2017-04-07 21:20:52,628 INFO  [restartedMain] RequestMappingHandlerMapping: Mapped "{[/api/organizations/{id}/logo],methods=[GET]}" onto public java.lang.String org.c4sg.controller.OrganizationController.retrieveOrganizationLogo(int)
2017-04-07 21:20:52,628 INFO  [restartedMain] RequestMappingHandlerMapping: Mapped "{[/api/organizations/{id}],methods=[DELETE]}" onto public void org.c4sg.controller.OrganizationController.deleteOrganization(int)
2017-04-07 21:20:52,628 INFO  [restartedMain] RequestMappingHandlerMapping: Mapped "{[/api/organizations],methods=[POST]}" onto public java.util.Map<java.lang.String, java.lang.Object> org.c4sg.controller.OrganizationController.createOrganization(org.c4sg.dto.CreateOrganizationDTO)
2017-04-07 21:20:52,629 INFO  [restartedMain] RequestMappingHandlerMapping: Mapped "{[/api/organizations/{id}],methods=[PUT]}" onto public java.util.Map<java.lang.String, java.lang.Object> org.c4sg.controller.OrganizationController.updateOrganization(int,org.c4sg.dto.OrganizationDTO)
2017-04-07 21:20:52,629 INFO  [restartedMain] RequestMappingHandlerMapping: Mapped "{[/api/organizations/{id}/logo],methods=[POST]}" onto public java.lang.String org.c4sg.controller.OrganizationController.uploadLogo(java.lang.Integer,org.springframework.web.multipart.MultipartFile)
2017-04-07 21:20:52,629 INFO  [restartedMain] RequestMappingHandlerMapping: Mapped "{[/api/organizations],methods=[GET],produces=[application/json]}" onto public java.util.List<org.c4sg.dto.OrganizationDTO> org.c4sg.controller.OrganizationController.getOrganizations()
2017-04-07 21:20:52,629 INFO  [restartedMain] RequestMappingHandlerMapping: Mapped "{[/api/organizations/search],methods=[GET],produces=[application/json]}" onto public java.util.List<org.c4sg.dto.OrganizationDTO> org.c4sg.controller.OrganizationController.getOrganizations(java.lang.String)
2017-04-07 21:20:52,630 INFO  [restartedMain] RequestMappingHandlerMapping: Mapped "{[/api/organizations/{id}],methods=[GET],produces=[application/json]}" onto public org.c4sg.dto.OrganizationDTO org.c4sg.controller.OrganizationController.getOrganization(int)
2017-04-07 21:20:52,635 INFO  [restartedMain] RequestMappingHandlerMapping: Mapped "{[/api/projects/organizations/{id}],methods=[GET]}" onto public java.util.List<org.c4sg.entity.Project> org.c4sg.controller.ProjectController.getProjectsByOrganization(int)
2017-04-07 21:20:52,636 INFO  [restartedMain] RequestMappingHandlerMapping: Mapped "{[/api/projects/bookmark/projects/{projectId}/users/{userId}],methods=[POST]}" onto public org.springframework.http.ResponseEntity<?> org.c4sg.controller.ProjectController.createUserProjectBookmark(java.lang.Integer,java.lang.Integer)
2017-04-07 21:20:52,636 INFO  [restartedMain] RequestMappingHandlerMapping: Mapped "{[/api/projects/{id}/users/{userId}],methods=[POST]}" onto public org.springframework.http.ResponseEntity<?> org.c4sg.controller.ProjectController.createUserProject(java.lang.Integer,java.lang.Integer)
2017-04-07 21:20:52,636 INFO  [restartedMain] RequestMappingHandlerMapping: Mapped "{[/api/projects/{id}],methods=[GET]}" onto public org.c4sg.entity.Project org.c4sg.controller.ProjectController.getProject(int)
2017-04-07 21:20:52,637 INFO  [restartedMain] RequestMappingHandlerMapping: Mapped "{[/api/projects],methods=[GET],produces=[application/json]}" onto public java.util.List<org.c4sg.dto.ProjectDTO> org.c4sg.controller.ProjectController.getProjects()
2017-04-07 21:20:52,637 INFO  [restartedMain] RequestMappingHandlerMapping: Mapped "{[/api/projects/search],methods=[GET]}" onto public java.util.List<org.c4sg.dto.ProjectDTO> org.c4sg.controller.ProjectController.getProjects(java.lang.String,java.lang.String)
2017-04-07 21:20:52,638 INFO  [restartedMain] RequestMappingHandlerMapping: Mapped "{[/api/projects/user],methods=[GET]}" onto public java.util.List<org.c4sg.dto.ProjectDTO> org.c4sg.controller.ProjectController.getUserProjects(java.lang.Integer,java.lang.String)
2017-04-07 21:20:52,639 INFO  [restartedMain] RequestMappingHandlerMapping: Mapped "{[/api/projects],methods=[POST]}" onto public java.util.Map<java.lang.String, java.lang.Object> org.c4sg.controller.ProjectController.createProject(org.c4sg.dto.CreateProjectDTO)
2017-04-07 21:20:52,641 INFO  [restartedMain] RequestMappingHandlerMapping: Mapped "{[/api/projects/{id}],methods=[DELETE]}" onto public void org.c4sg.controller.ProjectController.deleteProject(int)
2017-04-07 21:20:52,641 INFO  [restartedMain] RequestMappingHandlerMapping: Mapped "{[/api/projects/{id}/image],methods=[GET]}" onto public java.lang.String org.c4sg.controller.ProjectController.retrieveImage(int)
2017-04-07 21:20:52,642 INFO  [restartedMain] RequestMappingHandlerMapping: Mapped "{[/api/projects/{id}],methods=[PUT]}" onto public java.util.Map<java.lang.String, java.lang.Object> org.c4sg.controller.ProjectController.updateProject(org.c4sg.entity.Project)
2017-04-07 21:20:52,642 INFO  [restartedMain] RequestMappingHandlerMapping: Mapped "{[/api/projects/{id}/image],methods=[POST]}" onto public java.lang.String org.c4sg.controller.ProjectController.uploadImage(java.lang.Integer,org.springframework.web.multipart.MultipartFile)
2017-04-07 21:20:52,644 INFO  [restartedMain] RequestMappingHandlerMapping: Mapped "{[/api/skills],methods=[GET],produces=[application/json]}" onto public java.util.List<org.c4sg.dto.SkillDTO> org.c4sg.controller.SkillController.getSkills()
2017-04-07 21:20:52,645 INFO  [restartedMain] RequestMappingHandlerMapping: Mapped "{[/api/chat/isJoinedChat],methods=[GET]}" onto public java.lang.String org.c4sg.controller.SlackController.getUser(java.lang.String)
2017-04-07 21:20:52,649 INFO  [restartedMain] RequestMappingHandlerMapping: Mapped "{[/api/users/search],methods=[GET]}" onto public java.util.List<org.c4sg.dto.UserDTO> org.c4sg.controller.UserController.search(java.lang.String,java.lang.String,java.lang.String)
2017-04-07 21:20:52,650 INFO  [restartedMain] RequestMappingHandlerMapping: Mapped "{[/api/users/{id}/resume],methods=[GET]}" onto public org.springframework.http.HttpEntity<byte[]> org.c4sg.controller.UserController.retrieveProjectImage(int)
2017-04-07 21:20:52,650 INFO  [restartedMain] RequestMappingHandlerMapping: Mapped "{[/api/users/email/{email}/],methods=[GET]}" onto public org.c4sg.dto.UserDTO org.c4sg.controller.UserController.getUserByEmail(java.lang.String)
2017-04-07 21:20:52,651 INFO  [restartedMain] RequestMappingHandlerMapping: Mapped "{[/api/users/applicant/{id}],methods=[GET]}" onto public org.springframework.http.ResponseEntity<java.util.List<org.c4sg.dto.UserDTO>> org.c4sg.controller.UserController.getApplicants(java.lang.Integer)
2017-04-07 21:20:52,653 INFO  [restartedMain] RequestMappingHandlerMapping: Mapped "{[/api/users/developers],methods=[GET]}" onto public java.util.List<org.c4sg.dto.UserDTO> org.c4sg.controller.UserController.getDevelopers()
2017-04-07 21:20:52,653 INFO  [restartedMain] RequestMappingHandlerMapping: Mapped "{[/api/users],methods=[POST]}" onto public org.c4sg.dto.UserDTO org.c4sg.controller.UserController.createUser(org.c4sg.dto.UserDTO)
2017-04-07 21:20:52,653 INFO  [restartedMain] RequestMappingHandlerMapping: Mapped "{[/api/users/active],methods=[GET]}" onto public org.springframework.data.domain.Page<org.c4sg.dto.UserDTO> org.c4sg.controller.UserController.getActiveUsers(org.springframework.data.domain.Pageable)
2017-04-07 21:20:52,654 INFO  [restartedMain] RequestMappingHandlerMapping: Mapped "{[/api/users/{id}],methods=[DELETE]}" onto public void org.c4sg.controller.UserController.deleteUser(int)
2017-04-07 21:20:52,654 INFO  [restartedMain] RequestMappingHandlerMapping: Mapped "{[/api/users],methods=[GET]}" onto public java.util.List<org.c4sg.dto.UserDTO> org.c4sg.controller.UserController.getUsers()
2017-04-07 21:20:52,654 INFO  [restartedMain] RequestMappingHandlerMapping: Mapped "{[/api/users/{id}],methods=[GET]}" onto public org.c4sg.dto.UserDTO org.c4sg.controller.UserController.getUser(int)
2017-04-07 21:20:52,654 INFO  [restartedMain] RequestMappingHandlerMapping: Mapped "{[/api/users],methods=[PUT]}" onto public org.c4sg.dto.UserDTO org.c4sg.controller.UserController.updateUser(org.c4sg.dto.UserDTO)
2017-04-07 21:20:52,655 INFO  [restartedMain] RequestMappingHandlerMapping: Mapped "{[/api/users/{id}/avatar],methods=[GET]}" onto public java.lang.String org.c4sg.controller.UserController.retrieveAvatar(int)
2017-04-07 21:20:52,655 INFO  [restartedMain] RequestMappingHandlerMapping: Mapped "{[/api/users/{id}/avatar],methods=[POST]}" onto public java.lang.String org.c4sg.controller.UserController.uploadAvatar(java.lang.Integer,org.springframework.web.multipart.MultipartFile)
2017-04-07 21:20:52,655 INFO  [restartedMain] RequestMappingHandlerMapping: Mapped "{[/api/users/{id}/resume],methods=[POST]}" onto public java.lang.String org.c4sg.controller.UserController.uploadResume(java.lang.Integer,org.springframework.web.multipart.MultipartFile)
2017-04-07 21:20:52,656 INFO  [restartedMain] RequestMappingHandlerMapping: Mapped "{[/v2/api-docs],methods=[GET],produces=[application/json || application/hal+json]}" onto public org.springframework.http.ResponseEntity<springfox.documentation.spring.web.json.Json> springfox.documentation.swagger2.web.Swagger2Controller.getDocumentation(java.lang.String,javax.servlet.http.HttpServletRequest)
2017-04-07 21:20:52,659 INFO  [restartedMain] RequestMappingHandlerMapping: Mapped "{[/configuration/security]}" onto org.springframework.http.ResponseEntity<springfox.documentation.swagger.web.SecurityConfiguration> springfox.documentation.swagger.web.ApiResourceController.securityConfiguration()
2017-04-07 21:20:52,660 INFO  [restartedMain] RequestMappingHandlerMapping: Mapped "{[/configuration/ui]}" onto org.springframework.http.ResponseEntity<springfox.documentation.swagger.web.UiConfiguration> springfox.documentation.swagger.web.ApiResourceController.uiConfiguration()
2017-04-07 21:20:52,660 INFO  [restartedMain] RequestMappingHandlerMapping: Mapped "{[/swagger-resources]}" onto org.springframework.http.ResponseEntity<java.util.List<springfox.documentation.swagger.web.SwaggerResource>> springfox.documentation.swagger.web.ApiResourceController.swaggerResources()
2017-04-07 21:20:52,663 INFO  [restartedMain] RequestMappingHandlerMapping: Mapped "{[/error]}" onto public org.springframework.http.ResponseEntity<java.util.Map<java.lang.String, java.lang.Object>> org.springframework.boot.autoconfigure.web.BasicErrorController.error(javax.servlet.http.HttpServletRequest)
2017-04-07 21:20:52,663 INFO  [restartedMain] RequestMappingHandlerMapping: Mapped "{[/error],produces=[text/html]}" onto public org.springframework.web.servlet.ModelAndView org.springframework.boot.autoconfigure.web.BasicErrorController.errorHtml(javax.servlet.http.HttpServletRequest,javax.servlet.http.HttpServletResponse)
2017-04-07 21:20:52,852 INFO  [restartedMain] ApplicationLogger: Before: SwaggerConfig$$EnhancerBySpringCGLIB$$ed06d723.api
2017-04-07 21:20:52,870 INFO  [restartedMain] ApplicationLogger: After: SwaggerConfig$$EnhancerBySpringCGLIB$$ed06d723.api
2017-04-07 21:20:53,043 INFO  [restartedMain] RequestMappingHandlerAdapter: Looking for @ControllerAdvice: org.springframework.boot.context.embedded.AnnotationConfigEmbeddedWebApplicationContext@5687901c: startup date [Fri Apr 07 21:20:41 CDT 2017]; root of context hierarchy
2017-04-07 21:20:53,129 INFO  [restartedMain] SimpleUrlHandlerMapping: Mapped URL path [/webjars/**] onto handler of type [class org.springframework.web.servlet.resource.ResourceHttpRequestHandler]
2017-04-07 21:20:53,129 INFO  [restartedMain] SimpleUrlHandlerMapping: Mapped URL path [/**] onto handler of type [class org.springframework.web.servlet.resource.ResourceHttpRequestHandler]
2017-04-07 21:20:53,156 INFO  [restartedMain] ExceptionHandlerExceptionResolver: Detected @ExceptionHandler methods in genericController
2017-04-07 21:20:53,195 INFO  [restartedMain] SimpleUrlHandlerMapping: Mapped URL path [/**/favicon.ico] onto handler of type [class org.springframework.web.servlet.resource.ResourceHttpRequestHandler]
2017-04-07 21:20:53,806 INFO  [restartedMain] OptionalLiveReloadServer: LiveReload server is running on port 35729
2017-04-07 21:20:53,895 INFO  [restartedMain] AnnotationMBeanExporter: Registering beans for JMX exposure on startup
2017-04-07 21:20:54,603 INFO  [restartedMain] TomcatEmbeddedServletContainer: Tomcat started on port(s): 8080 (http)
2017-04-07 21:20:54,613 INFO  [restartedMain] C4SgApplication: Started C4SgApplication in 14.432 seconds (JVM running for 17.321)
2017-04-07 21:28:47,234 INFO  [http-nio-8080-exec-1] DispatcherServlet: FrameworkServlet 'dispatcherServlet': initialization started
2017-04-07 21:28:47,423 INFO  [http-nio-8080-exec-1] DispatcherServlet: FrameworkServlet 'dispatcherServlet': initialization completed in 189 ms
